<?xml version="1.0" encoding="UTF-8"?>
<testng-results ignored="0" total="1" passed="1" failed="0" skipped="0">
  <reporter-output>
  </reporter-output>
  <suite started-at="2023-09-04T16:33:13 MST" name="mysuite" finished-at="2023-09-04T16:33:22 MST" duration-ms="9109">
    <groups>
    </groups>
    <test started-at="2023-09-04T16:33:13 MST" name="mytest" finished-at="2023-09-04T16:33:22 MST" duration-ms="9109">
      <class name="testCase.TC_002_LoginTest">
        <test-method is-config="true" signature="setup(java.lang.String)[pri:0, instance:testCase.TC_002_LoginTest@4fb61f4a]" started-at="2023-09-04T16:33:13 MST" name="setup" finished-at="2023-09-04T16:33:20 MST" duration-ms="7031" status="PASS">
          <params>
            <param index="0">
              <value>
                <![CDATA[Chrome]]>
              </value>
            </param>
          </params>
          <reporter-output>
          </reporter-output>
        </test-method> <!-- setup -->
        <test-method signature="test_Login()[pri:0, instance:testCase.TC_002_LoginTest@4fb61f4a]" started-at="2023-09-04T16:33:20 MST" name="test_Login" finished-at="2023-09-04T16:33:21 MST" duration-ms="1551" status="PASS">
          <reporter-output>
          </reporter-output>
        </test-method> <!-- test_Login -->
        <test-method is-config="true" signature="teardown()[pri:0, instance:testCase.TC_002_LoginTest@4fb61f4a]" started-at="2023-09-04T16:33:21 MST" name="teardown" finished-at="2023-09-04T16:33:22 MST" duration-ms="494" status="PASS">
          <reporter-output>
          </reporter-output>
        </test-method> <!-- teardown -->
      </class> <!-- testCase.TC_002_LoginTest -->
    </test> <!-- mytest -->
  </suite> <!-- mysuite -->
</testng-results>
